<?xml version="1.0" encoding="UTF-8"?>
<!-- Generated by org.testng.reporters.JUnitXMLReporter -->
<testsuite hostname="DSHYNKARENKO" name="Surefire test" tests="1" failures="1" timestamp="4 Jun 2016 14:44:48 GMT" time="19.178" errors="0">
  <testcase name="userCanSearchByKeyword" time="19.035" classname="smoketests.SearchTest">
    <failure type="com.codeborne.selenide.ex.ElementShould" message="Element should have text &amp;apos;18&amp;apos; {By.xpath: //span[@class=&amp;quot;icon-e-service-on&amp;quot;]}
Element: &amp;apos;&amp;lt;span class=&amp;quot;icon-e-service-on&amp;quot; displayed:false&amp;gt;&amp;lt;/span&amp;gt;&amp;apos;">
      <![CDATA[Element should have text '18' {By.xpath: //span[@class="icon-e-service-on"]}
Element: '<span class="icon-e-service-on" displayed:false></span>'
Screenshot: http://localhost:8080/job/selenide-testng-allure-example/5/artifact/build/reports/tests/1465051488211.0.png
Timeout: 4 s.
	at com.codeborne.selenide.impl.WebElementSource.checkCondition(WebElementSource.java:66)
	at com.codeborne.selenide.commands.Should.should(Should.java:35)
	at com.codeborne.selenide.commands.Should.execute(Should.java:29)
	at com.codeborne.selenide.commands.Should.execute(Should.java:12)
	at com.codeborne.selenide.commands.Commands.execute(Commands.java:136)
	at com.codeborne.selenide.impl.SelenideElementProxy.dispatchAndRetry(SelenideElementProxy.java:82)
	at com.codeborne.selenide.impl.SelenideElementProxy.invoke(SelenideElementProxy.java:58)
	at $Proxy8.shouldHave(Unknown Source)
	at org.selenide.elements.SearchElement.searchResultIsValid(SearchElement.java:30)
	at pages.MainPage.isSearchResultValid(MainPage.java:24)
	at smoketests.SearchTest.userCanSearchByKeyword(SearchTest.java:36)
... Removed 28 stack frames]]>
    </failure>
  </testcase> <!-- userCanSearchByKeyword -->
</testsuite> <!-- Surefire test -->
