<?xml version="1.0" encoding="UTF-8"?>
<testsuite xmlns:xsi="http://www.w3.org/2001/XMLSchema-instance" xsi:schemaLocation="https://maven.apache.org/surefire/maven-surefire-plugin/xsd/surefire-test-report.xsd" name="smoketests.SearchTest" time="21.312" tests="1" errors="0" skipped="0" failures="1">
  <properties>
[...]
</properties>
  <testcase name="userCanSearchByKeyword" classname="smoketests.SearchTest" time="19.048">
    <failure message="Element should have text &apos;18&apos; {By.xpath: //span[@class=&quot;icon-e-service-on&quot;]}&#10;Element: &apos;&lt;span class=&quot;icon-e-service-on&quot; displayed:false&gt;&lt;/span&gt;&apos;" type="com.codeborne.selenide.ex.ElementShould"><![CDATA[com.codeborne.selenide.ex.ElementShould: 
Element should have text '18' {By.xpath: //span[@class="icon-e-service-on"]}
Element: '<span class="icon-e-service-on" displayed:false></span>'
	at smoketests.SearchTest.userCanSearchByKeyword(SearchTest.java:36)
]]></failure>
    <system-err><![CDATA[SLF4J: Failed to load class "org.slf4j.impl.StaticLoggerBinder".
SLF4J: Defaulting to no-operation (NOP) logger implementation
SLF4J: See http://www.slf4j.org/codes.html#StaticLoggerBinder for further details.
??? 04, 2016 5:44:40 PM com.codeborne.selenide.webdriver.WebDriverFactory createWebDriver
INFO: BrowserName=firefox Version=43.0.1 Platform=WINDOWS
??? 04, 2016 5:44:40 PM com.codeborne.selenide.webdriver.WebDriverFactory createWebDriver
INFO: Selenide v. 3.5.1
??? 04, 2016 5:44:40 PM com.codeborne.selenide.webdriver.WebDriverFactory createWebDriver
INFO: Selenium WebDriver v. 2.53.0 build time: 2016-03-15 10:43:46
??? 04, 2016 5:44:40 PM com.codeborne.selenide.impl.WebDriverThreadLocalContainer createDriver
INFO: Create webdriver in current thread 1: FirefoxDriver -> FirefoxDriver: firefox on WINDOWS (08fbc30b-ab2d-4173-a3eb-de633dfaea95)
]]></system-err>
  </testcase>
</testsuite>