<?xml version="1.0" encoding="UTF-8"?>
<testng-results skipped="0" failed="1" total="1" passed="0">
  <reporter-output>
  </reporter-output>
  <suite name="Surefire suite" duration-ms="19178" started-at="2016-06-04T14:44:29Z" finished-at="2016-06-04T14:44:48Z">
    <groups>
    </groups>
    <test name="Surefire test" duration-ms="19178" started-at="2016-06-04T14:44:29Z" finished-at="2016-06-04T14:44:48Z">
      <class name="smoketests.SearchTest">
        <test-method status="FAIL" signature="userCanSearchByKeyword(java.lang.String)[pri:0, instance:smoketests.SearchTest@3506a8e4]" name="userCanSearchByKeyword" duration-ms="19035" started-at="2016-06-04T17:44:29Z" data-provider="Search" finished-at="2016-06-04T17:44:48Z">
          <params>
            <param index="0">
              <value>
                <![CDATA[пасспорт]]>
              </value>
            </param>
          </params>
          <exception class="com.codeborne.selenide.ex.ElementShould">
            <message>
              <![CDATA[Element should have text '18' {By.xpath: //span[@class="icon-e-service-on"]}
Element: '<span class="icon-e-service-on" displayed:false></span>']]>
            </message>
            <full-stacktrace>
              <![CDATA[Element should have text '18' {By.xpath: //span[@class="icon-e-service-on"]}
Element: '<span class="icon-e-service-on" displayed:false></span>'
Screenshot: http://localhost:8080/job/selenide-testng-allure-example/5/artifact/build/reports/tests/1465051488211.0.png
Timeout: 4 s.
	at com.codeborne.selenide.impl.WebElementSource.checkCondition(WebElementSource.java:66)
	at com.codeborne.selenide.commands.Should.should(Should.java:35)
	at com.codeborne.selenide.commands.Should.execute(Should.java:29)
	at com.codeborne.selenide.commands.Should.execute(Should.java:12)
	at com.codeborne.selenide.commands.Commands.execute(Commands.java:136)
	at com.codeborne.selenide.impl.SelenideElementProxy.dispatchAndRetry(SelenideElementProxy.java:82)
	at com.codeborne.selenide.impl.SelenideElementProxy.invoke(SelenideElementProxy.java:58)
	at $Proxy8.shouldHave(Unknown Source)
	at org.selenide.elements.SearchElement.searchResultIsValid(SearchElement.java:30)
	at pages.MainPage.isSearchResultValid(MainPage.java:24)
	at smoketests.SearchTest.userCanSearchByKeyword(SearchTest.java:36)
	at sun.reflect.NativeMethodAccessorImpl.invoke0(Native Method)
	at sun.reflect.NativeMethodAccessorImpl.invoke(NativeMethodAccessorImpl.java:57)
	at sun.reflect.DelegatingMethodAccessorImpl.invoke(DelegatingMethodAccessorImpl.java:43)
	at java.lang.reflect.Method.invoke(Method.java:601)
	at org.testng.internal.MethodInvocationHelper.invokeMethod(MethodInvocationHelper.java:85)
	at org.testng.internal.Invoker.invokeMethod(Invoker.java:639)
	at org.testng.internal.Invoker.invokeTestMethod(Invoker.java:821)
	at org.testng.internal.Invoker.invokeTestMethods(Invoker.java:1131)
	at org.testng.internal.TestMethodWorker.invokeTestMethods(TestMethodWorker.java:124)
	at org.testng.internal.TestMethodWorker.run(TestMethodWorker.java:108)
	at org.testng.TestRunner.privateRun(TestRunner.java:773)
	at org.testng.TestRunner.run(TestRunner.java:623)
	at org.testng.SuiteRunner.runTest(SuiteRunner.java:357)
	at org.testng.SuiteRunner.runSequentially(SuiteRunner.java:352)
	at org.testng.SuiteRunner.privateRun(SuiteRunner.java:310)
	at org.testng.SuiteRunner.run(SuiteRunner.java:259)
	at org.testng.SuiteRunnerWorker.runSuite(SuiteRunnerWorker.java:52)
	at org.testng.SuiteRunnerWorker.run(SuiteRunnerWorker.java:86)
	at org.testng.TestNG.runSuitesSequentially(TestNG.java:1185)
	at org.testng.TestNG.runSuitesLocally(TestNG.java:1110)
	at org.testng.TestNG.run(TestNG.java:1018)
	at org.apache.maven.surefire.testng.TestNGExecutor.run(TestNGExecutor.java:132)
	at org.apache.maven.surefire.testng.TestNGDirectoryTestSuite.executeSingleClass(TestNGDirectoryTestSuite.java:112)
	at org.apache.maven.surefire.testng.TestNGDirectoryTestSuite.execute(TestNGDirectoryTestSuite.java:99)
	at org.apache.maven.surefire.testng.TestNGProvider.invoke(TestNGProvider.java:147)
	at org.apache.maven.surefire.booter.ForkedBooter.invokeProviderInSameClassLoader(ForkedBooter.java:290)
	at org.apache.maven.surefire.booter.ForkedBooter.runSuitesInProcess(ForkedBooter.java:242)
	at org.apache.maven.surefire.booter.ForkedBooter.main(ForkedBooter.java:121)
]]>
            </full-stacktrace>
          </exception> <!-- com.codeborne.selenide.ex.ElementShould -->
          <reporter-output>
          </reporter-output>
        </test-method> <!-- userCanSearchByKeyword -->
        <test-method status="PASS" signature="tearDown()[pri:0, instance:smoketests.SearchTest@3506a8e4]" name="tearDown" is-config="true" duration-ms="250" started-at="2016-06-04T17:44:48Z" finished-at="2016-06-04T17:44:49Z">
          <reporter-output>
          </reporter-output>
        </test-method> <!-- tearDown -->
      </class> <!-- smoketests.SearchTest -->
    </test> <!-- Surefire test -->
  </suite> <!-- Surefire suite -->
</testng-results>
